{"contracts/Lottery.sol":{"l":{"41":3,"42":3,"43":3,"44":3,"45":3,"49":2,"50":1,"52":1,"53":1,"54":1,"55":0,"57":1,"63":0,"75":0,"76":0,"77":0,"79":0,"83":0,"85":0,"86":0,"87":0,"89":0,"92":0,"97":2,"101":0,"105":0,"112":0,"113":0,"117":2,"121":0,"125":0,"129":0},"path":"/Users/jayesh/Projects/solidity/Lottery-eth/contracts/Lottery.sol","s":{"1":3,"2":3,"3":3,"4":3,"5":3,"6":2,"7":1,"8":1,"9":1,"10":0,"11":0,"12":0,"13":0,"14":0,"15":0,"16":0,"17":0,"18":0,"19":0,"20":2,"21":0,"22":0,"23":0,"24":0,"25":2,"26":0,"27":0,"28":0},"b":{"1":[1,1],"2":[0,1],"3":[0,0],"4":[0,0],"5":[0,0]},"f":{"1":3,"2":2,"3":0,"4":0,"5":0,"6":2,"7":0,"8":0,"9":2,"10":0,"11":0,"12":0},"fnMap":{"1":{"name":"constructor","line":40,"loc":{"start":{"line":34,"column":4},"end":{"line":46,"column":4}}},"2":{"name":"enterRaffle","line":48,"loc":{"start":{"line":48,"column":4},"end":{"line":60,"column":4}}},"3":{"name":"requestRandom","line":62,"loc":{"start":{"line":62,"column":4},"end":{"line":72,"column":4}}},"4":{"name":"fulfillRandomWords","line":74,"loc":{"start":{"line":74,"column":4},"end":{"line":80,"column":4}}},"5":{"name":"playing","line":82,"loc":{"start":{"line":82,"column":4},"end":{"line":94,"column":4}}},"6":{"name":"getEntranceFee","line":96,"loc":{"start":{"line":96,"column":4},"end":{"line":98,"column":4}}},"7":{"name":"getAmountsentByUser","line":100,"loc":{"start":{"line":100,"column":4},"end":{"line":102,"column":4}}},"8":{"name":"randnumgen","line":104,"loc":{"start":{"line":104,"column":4},"end":{"line":114,"column":4}}},"9":{"name":"getrandnum","line":116,"loc":{"start":{"line":116,"column":4},"end":{"line":118,"column":4}}},"10":{"name":"getwinnerOrNot","line":120,"loc":{"start":{"line":120,"column":4},"end":{"line":122,"column":4}}},"11":{"name":"getUserNum","line":124,"loc":{"start":{"line":124,"column":4},"end":{"line":126,"column":4}}},"12":{"name":"getBalance","line":128,"loc":{"start":{"line":128,"column":4},"end":{"line":130,"column":4}}}},"statementMap":{"1":{"start":{"line":41,"column":8},"end":{"line":41,"column":34}},"2":{"start":{"line":42,"column":8},"end":{"line":42,"column":67}},"3":{"start":{"line":43,"column":8},"end":{"line":43,"column":26}},"4":{"start":{"line":44,"column":8},"end":{"line":44,"column":40}},"5":{"start":{"line":45,"column":8},"end":{"line":45,"column":44}},"6":{"start":{"line":49,"column":8},"end":{"line":49,"column":1626}},"7":{"start":{"line":52,"column":12},"end":{"line":52,"column":39}},"8":{"start":{"line":53,"column":12},"end":{"line":53,"column":26}},"9":{"start":{"line":54,"column":12},"end":{"line":54,"column":1819}},"10":{"start":{"line":55,"column":16},"end":{"line":55,"column":39}},"11":{"start":{"line":63,"column":8},"end":{"line":63,"column":2028}},"12":{"start":{"line":75,"column":8},"end":{"line":75,"column":37}},"13":{"start":{"line":76,"column":8},"end":{"line":76,"column":2480}},"14":{"start":{"line":77,"column":12},"end":{"line":77,"column":29}},"15":{"start":{"line":79,"column":8},"end":{"line":79,"column":62}},"16":{"start":{"line":83,"column":8},"end":{"line":83,"column":2663}},"17":{"start":{"line":85,"column":12},"end":{"line":85,"column":76}},"18":{"start":{"line":86,"column":12},"end":{"line":86,"column":2835}},"19":{"start":{"line":87,"column":16},"end":{"line":87,"column":48}},"20":{"start":{"line":97,"column":8},"end":{"line":97,"column":28}},"21":{"start":{"line":101,"column":8},"end":{"line":101,"column":30}},"22":{"start":{"line":105,"column":8},"end":{"line":105,"column":3318}},"23":{"start":{"line":112,"column":8},"end":{"line":112,"column":62}},"24":{"start":{"line":113,"column":8},"end":{"line":113,"column":24}},"25":{"start":{"line":117,"column":8},"end":{"line":117,"column":24}},"26":{"start":{"line":121,"column":8},"end":{"line":121,"column":26}},"27":{"start":{"line":125,"column":8},"end":{"line":125,"column":24}},"28":{"start":{"line":129,"column":8},"end":{"line":129,"column":36}}},"branchMap":{"1":{"line":49,"type":"if","locations":[{"start":{"line":49,"column":8},"end":{"line":49,"column":8}},{"start":{"line":49,"column":8},"end":{"line":49,"column":8}}]},"2":{"line":54,"type":"if","locations":[{"start":{"line":54,"column":12},"end":{"line":54,"column":12}},{"start":{"line":54,"column":12},"end":{"line":54,"column":12}}]},"3":{"line":76,"type":"if","locations":[{"start":{"line":76,"column":8},"end":{"line":76,"column":8}},{"start":{"line":76,"column":8},"end":{"line":76,"column":8}}]},"4":{"line":83,"type":"if","locations":[{"start":{"line":83,"column":8},"end":{"line":83,"column":8}},{"start":{"line":83,"column":8},"end":{"line":83,"column":8}}]},"5":{"line":86,"type":"if","locations":[{"start":{"line":86,"column":12},"end":{"line":86,"column":12}},{"start":{"line":86,"column":12},"end":{"line":86,"column":12}}]}}},"contracts/MockContracts/VRFCoordinatorV2Mock.sol":{"l":{},"path":"/Users/jayesh/Projects/solidity/Lottery-eth/contracts/MockContracts/VRFCoordinatorV2Mock.sol","s":{},"b":{},"f":{},"fnMap":{},"statementMap":{},"branchMap":{}}}