{"contracts/Lottery.sol":{"l":{"41":0,"42":0,"43":0,"44":0,"45":0,"49":0,"50":0,"52":0,"53":0,"54":0,"55":0,"56":0,"57":0,"60":0,"66":0,"78":0,"79":0,"80":0,"82":0,"86":0,"88":0,"89":0,"90":0,"92":0,"95":0,"100":0,"104":0,"108":0,"115":0,"116":0,"120":0,"124":0,"128":0,"132":0},"path":"/Users/jayesh/Projects/solidity/Lottery-eth/contracts/Lottery.sol","s":{"1":0,"2":0,"3":0,"4":0,"5":0,"6":0,"7":0,"8":0,"9":0,"10":0,"11":0,"12":0,"13":0,"14":0,"15":0,"16":0,"17":0,"18":0,"19":0,"20":0,"21":0,"22":0,"23":0,"24":0,"25":0,"26":0,"27":0,"28":0,"29":0,"30":0},"b":{"1":[0,0],"2":[0,0],"3":[0,0],"4":[0,0],"5":[0,0],"6":[0,0]},"f":{"1":0,"2":0,"3":0,"4":0,"5":0,"6":0,"7":0,"8":0,"9":0,"10":0,"11":0,"12":0},"fnMap":{"1":{"name":"constructor","line":40,"loc":{"start":{"line":34,"column":4},"end":{"line":46,"column":4}}},"2":{"name":"enterRaffle","line":48,"loc":{"start":{"line":48,"column":4},"end":{"line":63,"column":4}}},"3":{"name":"requestRandom","line":65,"loc":{"start":{"line":65,"column":4},"end":{"line":75,"column":4}}},"4":{"name":"fulfillRandomWords","line":77,"loc":{"start":{"line":77,"column":4},"end":{"line":83,"column":4}}},"5":{"name":"playing","line":85,"loc":{"start":{"line":85,"column":4},"end":{"line":97,"column":4}}},"6":{"name":"getEntranceFee","line":99,"loc":{"start":{"line":99,"column":4},"end":{"line":101,"column":4}}},"7":{"name":"getAmountsentByUser","line":103,"loc":{"start":{"line":103,"column":4},"end":{"line":105,"column":4}}},"8":{"name":"randnumgen","line":107,"loc":{"start":{"line":107,"column":4},"end":{"line":117,"column":4}}},"9":{"name":"getrandnum","line":119,"loc":{"start":{"line":119,"column":4},"end":{"line":121,"column":4}}},"10":{"name":"getwinnerOrNot","line":123,"loc":{"start":{"line":123,"column":4},"end":{"line":125,"column":4}}},"11":{"name":"getUserNum","line":127,"loc":{"start":{"line":127,"column":4},"end":{"line":129,"column":4}}},"12":{"name":"getBalance","line":131,"loc":{"start":{"line":131,"column":4},"end":{"line":133,"column":4}}}},"statementMap":{"1":{"start":{"line":41,"column":8},"end":{"line":41,"column":34}},"2":{"start":{"line":42,"column":8},"end":{"line":42,"column":67}},"3":{"start":{"line":43,"column":8},"end":{"line":43,"column":26}},"4":{"start":{"line":44,"column":8},"end":{"line":44,"column":40}},"5":{"start":{"line":45,"column":8},"end":{"line":45,"column":44}},"6":{"start":{"line":49,"column":8},"end":{"line":49,"column":1626}},"7":{"start":{"line":52,"column":12},"end":{"line":52,"column":39}},"8":{"start":{"line":53,"column":12},"end":{"line":53,"column":26}},"9":{"start":{"line":54,"column":12},"end":{"line":54,"column":1797}},"10":{"start":{"line":55,"column":16},"end":{"line":55,"column":39}},"11":{"start":{"line":56,"column":16},"end":{"line":56,"column":1886}},"12":{"start":{"line":57,"column":20},"end":{"line":57,"column":37}},"13":{"start":{"line":66,"column":8},"end":{"line":66,"column":2099}},"14":{"start":{"line":78,"column":8},"end":{"line":78,"column":37}},"15":{"start":{"line":79,"column":8},"end":{"line":79,"column":2551}},"16":{"start":{"line":80,"column":12},"end":{"line":80,"column":29}},"17":{"start":{"line":82,"column":8},"end":{"line":82,"column":62}},"18":{"start":{"line":86,"column":8},"end":{"line":86,"column":2734}},"19":{"start":{"line":88,"column":12},"end":{"line":88,"column":76}},"20":{"start":{"line":89,"column":12},"end":{"line":89,"column":2906}},"21":{"start":{"line":90,"column":16},"end":{"line":90,"column":48}},"22":{"start":{"line":100,"column":8},"end":{"line":100,"column":28}},"23":{"start":{"line":104,"column":8},"end":{"line":104,"column":30}},"24":{"start":{"line":108,"column":8},"end":{"line":108,"column":3389}},"25":{"start":{"line":115,"column":8},"end":{"line":115,"column":62}},"26":{"start":{"line":116,"column":8},"end":{"line":116,"column":24}},"27":{"start":{"line":120,"column":8},"end":{"line":120,"column":24}},"28":{"start":{"line":124,"column":8},"end":{"line":124,"column":26}},"29":{"start":{"line":128,"column":8},"end":{"line":128,"column":24}},"30":{"start":{"line":132,"column":8},"end":{"line":132,"column":36}}},"branchMap":{"1":{"line":49,"type":"if","locations":[{"start":{"line":49,"column":8},"end":{"line":49,"column":8}},{"start":{"line":49,"column":8},"end":{"line":49,"column":8}}]},"2":{"line":54,"type":"if","locations":[{"start":{"line":54,"column":12},"end":{"line":54,"column":12}},{"start":{"line":54,"column":12},"end":{"line":54,"column":12}}]},"3":{"line":56,"type":"if","locations":[{"start":{"line":56,"column":16},"end":{"line":56,"column":16}},{"start":{"line":56,"column":16},"end":{"line":56,"column":16}}]},"4":{"line":79,"type":"if","locations":[{"start":{"line":79,"column":8},"end":{"line":79,"column":8}},{"start":{"line":79,"column":8},"end":{"line":79,"column":8}}]},"5":{"line":86,"type":"if","locations":[{"start":{"line":86,"column":8},"end":{"line":86,"column":8}},{"start":{"line":86,"column":8},"end":{"line":86,"column":8}}]},"6":{"line":89,"type":"if","locations":[{"start":{"line":89,"column":12},"end":{"line":89,"column":12}},{"start":{"line":89,"column":12},"end":{"line":89,"column":12}}]}}},"contracts/MockContracts/VRFCoordinatorV2Mock.sol":{"l":{},"path":"/Users/jayesh/Projects/solidity/Lottery-eth/contracts/MockContracts/VRFCoordinatorV2Mock.sol","s":{},"b":{},"f":{},"fnMap":{},"statementMap":{},"branchMap":{}}}